<?xml version="1.0" encoding="utf-8"?><testsuites name="pytest tests"><testsuite name="pytest" errors="0" failures="0" skipped="0" tests="28" time="4.637" timestamp="2026-02-23T09:30:15.117088+00:00" hostname="agent-env-92669d88-8019-482f-a23e-1d1702528d80"><testcase classname="backend.tests.test_steel_erp_api.TestHealthAndBasics" name="test_dashboard_stats_endpoint" time="0.441" /><testcase classname="backend.tests.test_steel_erp_api.TestAuthentication" name="test_login_success" time="0.341" /><testcase classname="backend.tests.test_steel_erp_api.TestAuthentication" name="test_login_invalid_credentials" time="0.351" /><testcase classname="backend.tests.test_steel_erp_api.TestAuthentication" name="test_login_nonexistent_user" time="0.104" /><testcase classname="backend.tests.test_steel_erp_api.TestAuthentication" name="test_register_user" time="0.326" /><testcase classname="backend.tests.test_steel_erp_api.TestAuthentication" name="test_register_duplicate_user" time="0.097" /><testcase classname="backend.tests.test_steel_erp_api.TestAuthentication" name="test_get_users_list" time="0.096" /><testcase classname="backend.tests.test_steel_erp_api.TestMeltingModule" name="test_get_melting_stats" time="0.110" /><testcase classname="backend.tests.test_steel_erp_api.TestMeltingModule" name="test_get_melting_heats_list" time="0.100" /><testcase classname="backend.tests.test_steel_erp_api.TestMeltingModule" name="test_create_melting_heat" time="0.135" /><testcase classname="backend.tests.test_steel_erp_api.TestMeltingModule" name="test_create_and_get_melting_heat" time="0.263" /><testcase classname="backend.tests.test_steel_erp_api.TestCCMModule" name="test_get_billet_productions" time="0.103" /><testcase classname="backend.tests.test_steel_erp_api.TestCCMModule" name="test_create_billet_production" time="0.112" /><testcase classname="backend.tests.test_steel_erp_api.TestCCMModule" name="test_create_and_verify_billet" time="0.217" /><testcase classname="backend.tests.test_steel_erp_api.TestRollingMillModule" name="test_get_rolling_productions" time="0.117" /><testcase classname="backend.tests.test_steel_erp_api.TestRollingMillModule" name="test_create_rolling_production" time="0.116" /><testcase classname="backend.tests.test_steel_erp_api.TestRollingMillModule" name="test_create_and_verify_rolling_production" time="0.199" /><testcase classname="backend.tests.test_steel_erp_api.TestMaintenanceModule" name="test_get_maintenance_stats" time="0.118" /><testcase classname="backend.tests.test_steel_erp_api.TestMaintenanceModule" name="test_get_breakdown_reports" time="0.102" /><testcase classname="backend.tests.test_steel_erp_api.TestMaintenanceModule" name="test_create_breakdown_report" time="0.110" /><testcase classname="backend.tests.test_steel_erp_api.TestMaintenanceModule" name="test_create_and_verify_breakdown" time="0.217" /><testcase classname="backend.tests.test_steel_erp_api.TestMaintenanceModule" name="test_get_maintenance_schedules" time="0.098" /><testcase classname="backend.tests.test_steel_erp_api.TestAdminModule" name="test_clear_all_data" time="0.098" /><testcase classname="backend.tests.test_steel_erp_api.TestGateEntry" name="test_get_gate_entries" time="0.108" /><testcase classname="backend.tests.test_steel_erp_api.TestGateEntry" name="test_create_gate_entry" time="0.104" /><testcase classname="backend.tests.test_steel_erp_api.TestOrdersModule" name="test_get_purchase_orders" time="0.111" /><testcase classname="backend.tests.test_steel_erp_api.TestOrdersModule" name="test_get_sales_orders" time="0.101" /><testcase classname="backend.tests.test_steel_erp_api.TestOrdersModule" name="test_create_purchase_order" time="0.107" /></testsuite></testsuites>